<?xml version="1.0" encoding="UTF-8"?>
<testng-results ignored="0" total="2" passed="2" failed="0" skipped="0">
  <reporter-output>
  </reporter-output>
  <suite started-at="2021-07-13T14:31:32 EDT" name="Default suite" finished-at="2021-07-13T14:32:12 EDT" duration-ms="39411">
    <groups>
    </groups>
    <test started-at="2021-07-13T14:31:32 EDT" name="Default test" finished-at="2021-07-13T14:32:12 EDT" duration-ms="39411">
      <class name="com.Practice.SeliniumTest.mainClass">
        <test-method is-config="true" signature="setUp()[pri:0, instance:com.Practice.SeliniumTest.mainClass@2df9b86]" started-at="2021-07-13T14:31:32 EDT" name="setUp" finished-at="2021-07-13T14:31:51 EDT" duration-ms="18601" status="PASS">
          <reporter-output>
          </reporter-output>
        </test-method> <!-- setUp -->
        <test-method signature="testLogin()[pri:0, instance:com.Practice.SeliniumTest.mainClass@2df9b86]" started-at="2021-07-13T14:31:51 EDT" name="testLogin" finished-at="2021-07-13T14:32:01 EDT" duration-ms="10448" status="PASS">
          <reporter-output>
          </reporter-output>
        </test-method> <!-- testLogin -->
        <test-method signature="masterclick()[pri:1, instance:com.Practice.SeliniumTest.mainClass@2df9b86]" started-at="2021-07-13T14:32:01 EDT" name="masterclick" finished-at="2021-07-13T14:32:11 EDT" duration-ms="10113" status="PASS">
          <reporter-output>
          </reporter-output>
        </test-method> <!-- masterclick -->
        <test-method is-config="true" signature="close()[pri:0, instance:com.Practice.SeliniumTest.mainClass@2df9b86]" started-at="2021-07-13T14:32:11 EDT" name="close" finished-at="2021-07-13T14:32:12 EDT" duration-ms="185" status="PASS">
          <reporter-output>
          </reporter-output>
        </test-method> <!-- close -->
      </class> <!-- com.Practice.SeliniumTest.mainClass -->
    </test> <!-- Default test -->
  </suite> <!-- Default suite -->
</testng-results>
